<?xml version="1.0" encoding="UTF-8"?>
<!-- Generated by org.testng.reporters.JUnitReportReporter -->
<testsuite skipped="0" hostname="DERIW50Z0019" name="Collection_Test.SortedTest" tests="1" failures="0" timestamp="07 Feb 2018 06:50:35 GMT" time="65.584" errors="0">
  <testcase name="SortList" time="65.584" classname="Collection_Test.SortedTest"/>
</testsuite> <!-- Collection_Test.SortedTest -->
