<?xml version="1.0" encoding="UTF-8"?>
<!-- Generated by org.testng.reporters.JUnitReportReporter -->
<testsuite skipped="0" hostname="DERIW50Z0019" name="Singleton.SingleTon_TestNG" tests="1" failures="0" timestamp="04 Apr 2018 09:52:23 GMT" time="25.159" errors="0">
  <testcase name="testMethod" time="25.159" classname="Singleton.SingleTon_TestNG"/>
</testsuite> <!-- Singleton.SingleTon_TestNG -->
